<?xml version="1.0" encoding="UTF-8"?>
<testng-results skipped="0" failed="0" ignored="0" total="1" passed="1">
  <reporter-output>
  </reporter-output>
  <suite name="Default suite" duration-ms="1176" started-at="2022-05-27T07:59:43 IST" finished-at="2022-05-27T07:59:44 IST">
    <groups>
    </groups>
    <test name="Default test" duration-ms="1176" started-at="2022-05-27T07:59:43 IST" finished-at="2022-05-27T07:59:44 IST">
      <class name="basics.SumValidation">
        <test-method status="PASS" signature="sumOfCourses()[pri:0, instance:basics.SumValidation@396f6598]" name="sumOfCourses" duration-ms="1140" started-at="2022-05-27T07:59:43 IST" finished-at="2022-05-27T07:59:44 IST">
          <reporter-output>
          </reporter-output>
        </test-method> <!-- sumOfCourses -->
      </class> <!-- basics.SumValidation -->
    </test> <!-- Default test -->
  </suite> <!-- Default suite -->
</testng-results>
